<?xml version="1.0" encoding="UTF-8"?>
<!-- Generated by org.testng.reporters.JUnitXMLReporter -->
<testsuite ignored="0" hostname="Joy" failures="1" tests="1" name="smoke test" time="3.167" errors="0" timestamp="26 Nov 2023 23:07:30 GMT">
  <testcase classname="io.cucumber.testng.AbstractTestNGCucumberTests" name="runScenario" time="2.688">
    <failure type="java.lang.NullPointerException">
      <![CDATA[java.lang.NullPointerException
at swag.ny.stepdifinition.LoginStepDefinition.user_is_able_to_enter_the_url(LoginStepDefinition.java:20)
at ✽.User is able to enter the URL(file:///C:/Users/hassi/Documents/Ec/Swag_Labs/./Features/LoginTest.feature:6)
]]>
    </failure>
  </testcase> <!-- runScenario -->
</testsuite> <!-- smoke test -->
