<?xml version="1.0" encoding="UTF-8"?>
<testng-results ignored="0" total="1" passed="0" failed="1" skipped="0">
  <reporter-output>
  </reporter-output>
  <suite started-at="2023-11-26T23:07:27Z" name="Suite1" finished-at="2023-11-26T23:07:30Z" duration-ms="3167">
    <groups>
      <group name="cucumber">
        <method signature="AbstractTestNGCucumberTests.runScenario(io.cucumber.testng.PickleWrapper, io.cucumber.testng.FeatureWrapper)[pri:0, instance:swag.ny.myrunner.MyRunner@7671cb68]" name="runScenario" class="io.cucumber.testng.AbstractTestNGCucumberTests"/>
      </group> <!-- cucumber -->
    </groups>
    <test started-at="2023-11-26T23:07:27Z" name="smoke test" finished-at="2023-11-26T23:07:30Z" duration-ms="3167">
      <class name="swag.ny.myrunner.MyRunner">
        <test-method is-config="true" signature="setUpClass()[pri:0, instance:swag.ny.myrunner.MyRunner@7671cb68]" started-at="2023-11-26T23:07:27Z" name="setUpClass" finished-at="2023-11-26T23:07:28Z" duration-ms="414" status="PASS">
          <reporter-output>
          </reporter-output>
        </test-method> <!-- setUpClass -->
        <test-method signature="runScenario(io.cucumber.testng.PickleWrapper, io.cucumber.testng.FeatureWrapper)[pri:0, instance:swag.ny.myrunner.MyRunner@7671cb68]" started-at="2023-11-26T23:07:28Z" name="runScenario" description="Runs Cucumber Scenarios" data-provider="scenarios" finished-at="2023-11-26T23:07:30Z" duration-ms="2688" status="FAIL">
          <params>
            <param index="0">
              <value>
                <![CDATA["valid able loging the application.."]]>
              </value>
            </param>
            <param index="1">
              <value>
                <![CDATA["Optional[validusers can login the application]"]]>
              </value>
            </param>
          </params>
          <exception class="java.lang.NullPointerException">
            <full-stacktrace>
              <![CDATA[java.lang.NullPointerException
at swag.ny.stepdifinition.LoginStepDefinition.user_is_able_to_enter_the_url(LoginStepDefinition.java:20)
at ✽.User is able to enter the URL(file:///C:/Users/hassi/Documents/Ec/Swag_Labs/./Features/LoginTest.feature:6)
]]>
            </full-stacktrace>
          </exception> <!-- java.lang.NullPointerException -->
          <reporter-output>
          </reporter-output>
        </test-method> <!-- runScenario -->
        <test-method is-config="true" signature="tearDownClass()[pri:0, instance:swag.ny.myrunner.MyRunner@7671cb68]" started-at="2023-11-26T23:07:30Z" name="tearDownClass" finished-at="2023-11-26T23:07:30Z" duration-ms="32" status="PASS">
          <reporter-output>
          </reporter-output>
        </test-method> <!-- tearDownClass -->
      </class> <!-- swag.ny.myrunner.MyRunner -->
    </test> <!-- smoke test -->
  </suite> <!-- Suite1 -->
</testng-results>
