<?xml version="1.0" encoding="UTF-8"?>
<testng-results ignored="0" total="1" passed="1" failed="0" skipped="0">
  <reporter-output>
  </reporter-output>
  <suite started-at="2023-11-28T05:57:44Z" name="Suite1" finished-at="2023-11-28T05:57:49Z" duration-ms="4896">
    <groups>
      <group name="cucumber">
        <method signature="AbstractTestNGCucumberTests.runScenario(io.cucumber.testng.PickleWrapper, io.cucumber.testng.FeatureWrapper)[pri:0, instance:swag.ny.myrunner.MyRunner@69997e9d]" name="runScenario" class="io.cucumber.testng.AbstractTestNGCucumberTests"/>
      </group> <!-- cucumber -->
    </groups>
    <test started-at="2023-11-28T05:57:44Z" name="smoke test" finished-at="2023-11-28T05:57:49Z" duration-ms="4896">
      <class name="swag.ny.myrunner.MyRunner">
        <test-method is-config="true" signature="setUpClass()[pri:0, instance:swag.ny.myrunner.MyRunner@69997e9d]" started-at="2023-11-28T05:57:44Z" name="setUpClass" finished-at="2023-11-28T05:57:44Z" duration-ms="151" status="PASS">
          <reporter-output>
          </reporter-output>
        </test-method> <!-- setUpClass -->
        <test-method signature="runScenario(io.cucumber.testng.PickleWrapper, io.cucumber.testng.FeatureWrapper)[pri:0, instance:swag.ny.myrunner.MyRunner@69997e9d]" started-at="2023-11-28T05:57:45Z" name="runScenario" description="Runs Cucumber Scenarios" data-provider="scenarios" finished-at="2023-11-28T05:57:49Z" duration-ms="4724" status="PASS">
          <params>
            <param index="0">
              <value>
                <![CDATA["valid able loging the application.."]]>
              </value>
            </param>
            <param index="1">
              <value>
                <![CDATA["Optional[validusers can login the application]"]]>
              </value>
            </param>
          </params>
          <reporter-output>
          </reporter-output>
        </test-method> <!-- runScenario -->
        <test-method is-config="true" signature="tearDownClass()[pri:0, instance:swag.ny.myrunner.MyRunner@69997e9d]" started-at="2023-11-28T05:57:49Z" name="tearDownClass" finished-at="2023-11-28T05:57:49Z" duration-ms="7" status="PASS">
          <reporter-output>
          </reporter-output>
        </test-method> <!-- tearDownClass -->
      </class> <!-- swag.ny.myrunner.MyRunner -->
    </test> <!-- smoke test -->
  </suite> <!-- Suite1 -->
</testng-results>
