<?xml version="1.0" encoding="UTF-8"?>
<!-- Generated by org.testng.reporters.JUnitReportReporter -->
<testsuite hostname="Joy" failures="0" tests="1" name="swag.ny.myrunner.MyRunner" time="2.688" errors="1" timestamp="26 Nov 2023 23:07:31 GMT" skipped="0">
  <testcase classname="swag.ny.myrunner.MyRunner" name="runScenario" time="2.688">
    <error type="java.lang.NullPointerException">
      <![CDATA[java.lang.NullPointerException
at swag.ny.stepdifinition.LoginStepDefinition.user_is_able_to_enter_the_url(LoginStepDefinition.java:20)
at ✽.User is able to enter the URL(file:///C:/Users/hassi/Documents/Ec/Swag_Labs/./Features/LoginTest.feature:6)
]]>
    </error>
  </testcase> <!-- runScenario -->
</testsuite> <!-- swag.ny.myrunner.MyRunner -->
